
############################
INFO: You are using the old nnU-Net default plans. We have updated our recommendations. Please consider using those instead! Read more here: https://github.com/MIC-DKFZ/nnUNet/blob/master/documentation/resenc_presets.md
############################

Using device: cuda:0

#######################################################################
Please cite the following paper when using nnU-Net:
Isensee, F., Jaeger, P. F., Kohl, S. A., Petersen, J., & Maier-Hein, K. H. (2021). nnU-Net: a self-configuring method for deep learning-based biomedical image segmentation. Nature methods, 18(2), 203-211.
#######################################################################

2026-03-25 16:29:26.539140: Using torch.compile...
2026-03-25 16:29:27.429359: do_dummy_2d_data_aug: False
2026-03-25 16:29:27.435361: Using splits from existing split file: /workspace/nnUNet_preprocessed/Dataset002_Heart/splits_final.json
2026-03-25 16:29:27.441297: The split file contains 5 splits.
2026-03-25 16:29:27.444354: Desired fold for training: 0
2026-03-25 16:29:27.446804: This split has 16 training and 4 validation cases.
using pin_memory on device 0
using pin_memory on device 0

This is the configuration used by this training:
Configuration name: 3d_fullres
 {'data_identifier': 'nnUNetPlans_3d_fullres', 'preprocessor_name': 'DefaultPreprocessor', 'batch_size': 2, 'patch_size': [80, 192, 160], 'median_image_size_in_voxels': [115.0, 320.0, 232.0], 'spacing': [1.3700000047683716, 1.25, 1.25], 'normalization_schemes': ['ZScoreNormalization'], 'use_mask_for_norm': [True], 'resampling_fn_data': 'resample_data_or_seg_to_shape', 'resampling_fn_seg': 'resample_data_or_seg_to_shape', 'resampling_fn_data_kwargs': {'is_seg': False, 'order': 3, 'order_z': 0, 'force_separate_z': None}, 'resampling_fn_seg_kwargs': {'is_seg': True, 'order': 1, 'order_z': 0, 'force_separate_z': None}, 'resampling_fn_probabilities': 'resample_data_or_seg_to_shape', 'resampling_fn_probabilities_kwargs': {'is_seg': False, 'order': 1, 'order_z': 0, 'force_separate_z': None}, 'architecture': {'network_class_name': 'dynamic_network_architectures.architectures.unet.PlainConvUNet', 'arch_kwargs': {'n_stages': 6, 'features_per_stage': [32, 64, 128, 256, 320, 320], 'conv_op': 'torch.nn.modules.conv.Conv3d', 'kernel_sizes': [[3, 3, 3], [3, 3, 3], [3, 3, 3], [3, 3, 3], [3, 3, 3], [3, 3, 3]], 'strides': [[1, 1, 1], [2, 2, 2], [2, 2, 2], [2, 2, 2], [2, 2, 2], [1, 2, 2]], 'n_conv_per_stage': [2, 2, 2, 2, 2, 2], 'n_conv_per_stage_decoder': [2, 2, 2, 2, 2], 'conv_bias': True, 'norm_op': 'torch.nn.modules.instancenorm.InstanceNorm3d', 'norm_op_kwargs': {'eps': 1e-05, 'affine': True}, 'dropout_op': None, 'dropout_op_kwargs': None, 'nonlin': 'torch.nn.LeakyReLU', 'nonlin_kwargs': {'inplace': True}}, '_kw_requires_import': ['conv_op', 'norm_op', 'dropout_op', 'nonlin']}, 'batch_dice': False} 

These are the global plan.json settings:
 {'dataset_name': 'Dataset002_Heart', 'plans_name': 'nnUNetPlans', 'original_median_spacing_after_transp': [1.3700000047683716, 1.25, 1.25], 'original_median_shape_after_transp': [115, 320, 232], 'image_reader_writer': 'SimpleITKIO', 'transpose_forward': [0, 1, 2], 'transpose_backward': [0, 1, 2], 'experiment_planner_used': 'ExperimentPlanner', 'label_manager': 'LabelManager', 'foreground_intensity_properties_per_channel': {'0': {'max': 1996.0, 'mean': 1090.21533203125, 'median': 1097.0, 'min': 165.0, 'percentile_00_5': 598.0, 'percentile_99_5': 1521.0, 'std': 165.17393493652344}}} 

2026-03-25 16:29:36.589474: Unable to plot network architecture: nnUNet_compile is enabled!
2026-03-25 16:29:36.616630: 
2026-03-25 16:29:36.619918: Epoch 0
2026-03-25 16:29:36.669322: Current learning rate: 0.01
2026-03-25 16:31:31.426354: train_loss -0.5359
2026-03-25 16:31:31.430672: val_loss -0.8333
2026-03-25 16:31:31.434169: Pseudo dice [np.float32(0.8758)]
2026-03-25 16:31:31.437430: Epoch time: 114.81 s
2026-03-25 16:31:31.440016: Yayy! New best EMA pseudo Dice: 0.8758000135421753
2026-03-25 16:31:32.817270: 
2026-03-25 16:31:32.821314: Epoch 1
2026-03-25 16:31:32.824549: Current learning rate: 0.00991
2026-03-25 16:32:32.943477: train_loss -0.7999
2026-03-25 16:32:32.948655: val_loss -0.8674
2026-03-25 16:32:32.952467: Pseudo dice [np.float32(0.9016)]
2026-03-25 16:32:32.956517: Epoch time: 60.13 s
2026-03-25 16:32:32.960433: Yayy! New best EMA pseudo Dice: 0.8784000277519226
2026-03-25 16:32:35.088367: 
2026-03-25 16:32:35.091427: Epoch 2
2026-03-25 16:32:35.094354: Current learning rate: 0.00982
2026-03-25 16:33:35.720845: train_loss -0.8385
2026-03-25 16:33:35.726118: val_loss -0.8799
2026-03-25 16:33:35.729223: Pseudo dice [np.float32(0.9111)]
2026-03-25 16:33:35.731654: Epoch time: 60.63 s
2026-03-25 16:33:35.734859: Yayy! New best EMA pseudo Dice: 0.8816999793052673
2026-03-25 16:33:37.344157: 
2026-03-25 16:33:37.347568: Epoch 3
2026-03-25 16:33:37.350733: Current learning rate: 0.00973
2026-03-25 16:34:38.162008: train_loss -0.8595
2026-03-25 16:34:38.165702: val_loss -0.8794
2026-03-25 16:34:38.168822: Pseudo dice [np.float32(0.9105)]
2026-03-25 16:34:38.171491: Epoch time: 60.82 s
2026-03-25 16:34:38.174645: Yayy! New best EMA pseudo Dice: 0.8845000267028809
2026-03-25 16:34:39.661038: 
2026-03-25 16:34:39.665362: Epoch 4
2026-03-25 16:34:39.668787: Current learning rate: 0.00964
2026-03-25 16:35:40.607794: train_loss -0.8666
2026-03-25 16:35:40.631147: val_loss -0.8688
2026-03-25 16:35:40.634218: Pseudo dice [np.float32(0.9011)]
2026-03-25 16:35:40.636649: Epoch time: 60.95 s
2026-03-25 16:35:40.639058: Yayy! New best EMA pseudo Dice: 0.8862000107765198
2026-03-25 16:35:42.083652: 
2026-03-25 16:35:42.088383: Epoch 5
2026-03-25 16:35:42.091759: Current learning rate: 0.00955
2026-03-25 16:36:43.049050: train_loss -0.8697
2026-03-25 16:36:43.053821: val_loss -0.8826
2026-03-25 16:36:43.056497: Pseudo dice [np.float32(0.9084)]
2026-03-25 16:36:43.059834: Epoch time: 60.97 s
2026-03-25 16:36:43.062842: Yayy! New best EMA pseudo Dice: 0.8884000182151794
2026-03-25 16:36:44.589836: 
2026-03-25 16:36:44.594297: Epoch 6
2026-03-25 16:36:44.600320: Current learning rate: 0.00946
2026-03-25 16:37:45.540060: train_loss -0.8867
2026-03-25 16:37:45.544339: val_loss -0.9036
2026-03-25 16:37:45.547095: Pseudo dice [np.float32(0.9255)]
2026-03-25 16:37:45.549218: Epoch time: 60.95 s
2026-03-25 16:37:45.552283: Yayy! New best EMA pseudo Dice: 0.8920999765396118
2026-03-25 16:37:47.030977: 
2026-03-25 16:37:47.035299: Epoch 7
2026-03-25 16:37:47.038191: Current learning rate: 0.00937
2026-03-25 16:38:47.993330: train_loss -0.8856
2026-03-25 16:38:48.000391: val_loss -0.8979
2026-03-25 16:38:48.003191: Pseudo dice [np.float32(0.9214)]
2026-03-25 16:38:48.005809: Epoch time: 60.96 s
2026-03-25 16:38:48.008581: Yayy! New best EMA pseudo Dice: 0.8950999975204468
2026-03-25 16:38:49.489475: 
2026-03-25 16:38:49.493712: Epoch 8
2026-03-25 16:38:49.501188: Current learning rate: 0.00928
2026-03-25 16:39:50.602741: train_loss -0.8908
2026-03-25 16:39:50.606994: val_loss -0.9026
2026-03-25 16:39:50.609581: Pseudo dice [np.float32(0.9244)]
2026-03-25 16:39:50.612005: Epoch time: 61.11 s
2026-03-25 16:39:50.614693: Yayy! New best EMA pseudo Dice: 0.8980000019073486
2026-03-25 16:39:52.105266: 
2026-03-25 16:39:52.109878: Epoch 9
2026-03-25 16:39:52.113344: Current learning rate: 0.00919
2026-03-25 16:40:53.239792: train_loss -0.8924
2026-03-25 16:40:53.244178: val_loss -0.9041
2026-03-25 16:40:53.246322: Pseudo dice [np.float32(0.9268)]
2026-03-25 16:40:53.249250: Epoch time: 61.14 s
2026-03-25 16:40:53.257020: Yayy! New best EMA pseudo Dice: 0.9009000062942505
2026-03-25 16:40:54.776355: 
2026-03-25 16:40:54.780831: Epoch 10
2026-03-25 16:40:54.784530: Current learning rate: 0.0091
2026-03-25 16:41:55.873218: train_loss -0.887
2026-03-25 16:41:55.876987: val_loss -0.9013
2026-03-25 16:41:55.879350: Pseudo dice [np.float32(0.9263)]
2026-03-25 16:41:55.881903: Epoch time: 61.1 s
2026-03-25 16:41:55.884623: Yayy! New best EMA pseudo Dice: 0.9034000039100647
2026-03-25 16:41:57.566413: 
2026-03-25 16:41:57.569625: Epoch 11
2026-03-25 16:41:57.572594: Current learning rate: 0.009
2026-03-25 16:42:58.699843: train_loss -0.8928
2026-03-25 16:42:58.705197: val_loss -0.9006
2026-03-25 16:42:58.708315: Pseudo dice [np.float32(0.9234)]
2026-03-25 16:42:58.710558: Epoch time: 61.13 s
2026-03-25 16:42:58.713713: Yayy! New best EMA pseudo Dice: 0.9053999781608582
2026-03-25 16:43:00.319320: 
2026-03-25 16:43:00.322198: Epoch 12
2026-03-25 16:43:00.324687: Current learning rate: 0.00891
2026-03-25 16:44:01.424116: train_loss -0.9057
2026-03-25 16:44:01.428065: val_loss -0.909
2026-03-25 16:44:01.430236: Pseudo dice [np.float32(0.9295)]
2026-03-25 16:44:01.433192: Epoch time: 61.11 s
2026-03-25 16:44:01.435931: Yayy! New best EMA pseudo Dice: 0.907800018787384
2026-03-25 16:44:02.996187: 
2026-03-25 16:44:03.004977: Epoch 13
2026-03-25 16:44:03.008231: Current learning rate: 0.00882
2026-03-25 16:45:04.118669: train_loss -0.9084
2026-03-25 16:45:04.123179: val_loss -0.9068
2026-03-25 16:45:04.125706: Pseudo dice [np.float32(0.9264)]
2026-03-25 16:45:04.128304: Epoch time: 61.12 s
2026-03-25 16:45:04.131043: Yayy! New best EMA pseudo Dice: 0.9096999764442444
2026-03-25 16:45:05.765953: 
2026-03-25 16:45:05.769580: Epoch 14
2026-03-25 16:45:05.772898: Current learning rate: 0.00873
2026-03-25 16:46:06.858656: train_loss -0.9109
2026-03-25 16:46:06.861865: val_loss -0.9051
2026-03-25 16:46:06.864189: Pseudo dice [np.float32(0.9253)]
2026-03-25 16:46:06.866760: Epoch time: 61.09 s
2026-03-25 16:46:06.868685: Yayy! New best EMA pseudo Dice: 0.9111999869346619
2026-03-25 16:46:08.284777: 
2026-03-25 16:46:08.289144: Epoch 15
2026-03-25 16:46:08.291829: Current learning rate: 0.00864
2026-03-25 16:47:09.381234: train_loss -0.9087
2026-03-25 16:47:09.386095: val_loss -0.9121
2026-03-25 16:47:09.389420: Pseudo dice [np.float32(0.9303)]
2026-03-25 16:47:09.392177: Epoch time: 61.1 s
2026-03-25 16:47:09.395570: Yayy! New best EMA pseudo Dice: 0.9132000207901001
2026-03-25 16:47:10.819335: 
2026-03-25 16:47:10.824202: Epoch 16
2026-03-25 16:47:10.827304: Current learning rate: 0.00855
2026-03-25 16:48:11.976358: train_loss -0.9167
2026-03-25 16:48:11.981740: val_loss -0.9109
2026-03-25 16:48:11.984697: Pseudo dice [np.float32(0.9297)]
2026-03-25 16:48:11.987906: Epoch time: 61.16 s
2026-03-25 16:48:11.990510: Yayy! New best EMA pseudo Dice: 0.9147999882698059
2026-03-25 16:48:13.441643: 
2026-03-25 16:48:13.446096: Epoch 17
2026-03-25 16:48:13.449269: Current learning rate: 0.00846
2026-03-25 16:49:14.640596: train_loss -0.9074
2026-03-25 16:49:14.645399: val_loss -0.9065
2026-03-25 16:49:14.648873: Pseudo dice [np.float32(0.927)]
2026-03-25 16:49:14.651933: Epoch time: 61.2 s
2026-03-25 16:49:14.654974: Yayy! New best EMA pseudo Dice: 0.9160000085830688
2026-03-25 16:49:16.284923: 
2026-03-25 16:49:16.289567: Epoch 18
2026-03-25 16:49:16.292915: Current learning rate: 0.00836
2026-03-25 16:50:17.405701: train_loss -0.9136
2026-03-25 16:50:17.409978: val_loss -0.9148
2026-03-25 16:50:17.412741: Pseudo dice [np.float32(0.9332)]
2026-03-25 16:50:17.415141: Epoch time: 61.12 s
2026-03-25 16:50:17.417602: Yayy! New best EMA pseudo Dice: 0.9176999926567078
2026-03-25 16:50:18.910402: 
2026-03-25 16:50:18.914480: Epoch 19
2026-03-25 16:50:18.916942: Current learning rate: 0.00827
2026-03-25 16:51:20.067378: train_loss -0.9154
2026-03-25 16:51:20.071671: val_loss -0.9138
2026-03-25 16:51:20.074112: Pseudo dice [np.float32(0.9331)]
2026-03-25 16:51:20.076648: Epoch time: 61.16 s
2026-03-25 16:51:20.079146: Yayy! New best EMA pseudo Dice: 0.9193000197410583
2026-03-25 16:51:22.267409: 
2026-03-25 16:51:22.270362: Epoch 20
2026-03-25 16:51:22.273256: Current learning rate: 0.00818
2026-03-25 16:52:23.421630: train_loss -0.9224
2026-03-25 16:52:23.425387: val_loss -0.9031
2026-03-25 16:52:23.428063: Pseudo dice [np.float32(0.9228)]
2026-03-25 16:52:23.430535: Epoch time: 61.16 s
2026-03-25 16:52:23.433647: Yayy! New best EMA pseudo Dice: 0.9196000099182129
2026-03-25 16:52:24.903315: 
2026-03-25 16:52:24.907877: Epoch 21
2026-03-25 16:52:24.910807: Current learning rate: 0.00809
2026-03-25 16:53:26.030189: train_loss -0.9208
2026-03-25 16:53:26.035189: val_loss -0.9185
2026-03-25 16:53:26.038494: Pseudo dice [np.float32(0.9356)]
2026-03-25 16:53:26.041410: Epoch time: 61.13 s
2026-03-25 16:53:26.044187: Yayy! New best EMA pseudo Dice: 0.9211999773979187
2026-03-25 16:53:27.542632: 
2026-03-25 16:53:27.546323: Epoch 22
2026-03-25 16:53:27.549363: Current learning rate: 0.008
2026-03-25 16:54:28.523910: train_loss -0.9275
2026-03-25 16:54:28.527612: val_loss -0.9167
2026-03-25 16:54:28.530428: Pseudo dice [np.float32(0.9338)]
2026-03-25 16:54:28.532949: Epoch time: 60.98 s
2026-03-25 16:54:28.535425: Yayy! New best EMA pseudo Dice: 0.9225000143051147
2026-03-25 16:54:30.000851: 
2026-03-25 16:54:30.005661: Epoch 23
2026-03-25 16:54:30.009096: Current learning rate: 0.0079
2026-03-25 16:55:31.053897: train_loss -0.9295
2026-03-25 16:55:31.059159: val_loss -0.9137
2026-03-25 16:55:31.062413: Pseudo dice [np.float32(0.931)]
2026-03-25 16:55:31.065067: Epoch time: 61.05 s
2026-03-25 16:55:31.068405: Yayy! New best EMA pseudo Dice: 0.92330002784729
2026-03-25 16:55:32.680243: 
2026-03-25 16:55:32.683771: Epoch 24
2026-03-25 16:55:32.687378: Current learning rate: 0.00781
2026-03-25 16:56:33.754124: train_loss -0.9275
2026-03-25 16:56:33.758356: val_loss -0.9157
2026-03-25 16:56:33.761335: Pseudo dice [np.float32(0.9334)]
2026-03-25 16:56:33.764241: Epoch time: 61.07 s
2026-03-25 16:56:33.767339: Yayy! New best EMA pseudo Dice: 0.9243000149726868
2026-03-25 16:56:35.302528: 
2026-03-25 16:56:35.307689: Epoch 25
2026-03-25 16:56:35.310194: Current learning rate: 0.00772
2026-03-25 16:57:36.353283: train_loss -0.9273
2026-03-25 16:57:36.357985: val_loss -0.9193
2026-03-25 16:57:36.361106: Pseudo dice [np.float32(0.935)]
2026-03-25 16:57:36.363721: Epoch time: 61.05 s
2026-03-25 16:57:36.366590: Yayy! New best EMA pseudo Dice: 0.9254000186920166
2026-03-25 16:57:37.919805: 
2026-03-25 16:57:37.924412: Epoch 26
2026-03-25 16:57:37.927125: Current learning rate: 0.00763
2026-03-25 16:58:39.063859: train_loss -0.9221
2026-03-25 16:58:39.067827: val_loss -0.922
2026-03-25 16:58:39.070263: Pseudo dice [np.float32(0.9375)]
2026-03-25 16:58:39.073364: Epoch time: 61.14 s
2026-03-25 16:58:39.076124: Yayy! New best EMA pseudo Dice: 0.9265999794006348
2026-03-25 16:58:40.531047: 
2026-03-25 16:58:40.534382: Epoch 27
2026-03-25 16:58:40.538009: Current learning rate: 0.00753
2026-03-25 16:59:41.621429: train_loss -0.9258
2026-03-25 16:59:41.624864: val_loss -0.9195
2026-03-25 16:59:41.627611: Pseudo dice [np.float32(0.9351)]
2026-03-25 16:59:41.630138: Epoch time: 61.09 s
2026-03-25 16:59:41.632750: Yayy! New best EMA pseudo Dice: 0.9275000095367432
2026-03-25 16:59:43.050132: 
2026-03-25 16:59:43.054834: Epoch 28
2026-03-25 16:59:43.058017: Current learning rate: 0.00744
2026-03-25 17:00:44.236650: train_loss -0.9326
2026-03-25 17:00:44.240053: val_loss -0.92
2026-03-25 17:00:44.244921: Pseudo dice [np.float32(0.9358)]
2026-03-25 17:00:44.247979: Epoch time: 61.19 s
2026-03-25 17:00:44.251200: Yayy! New best EMA pseudo Dice: 0.9283000230789185
2026-03-25 17:00:45.738109: 
2026-03-25 17:00:45.741008: Epoch 29
2026-03-25 17:00:45.743493: Current learning rate: 0.00735
2026-03-25 17:01:46.973131: train_loss -0.9301
2026-03-25 17:01:46.976122: val_loss -0.9209
2026-03-25 17:01:46.978658: Pseudo dice [np.float32(0.9364)]
2026-03-25 17:01:46.981169: Epoch time: 61.24 s
2026-03-25 17:01:46.983587: Yayy! New best EMA pseudo Dice: 0.929099977016449
2026-03-25 17:01:48.740786: 
2026-03-25 17:01:48.743566: Epoch 30
2026-03-25 17:01:48.747192: Current learning rate: 0.00725
2026-03-25 17:02:49.988557: train_loss -0.9101
2026-03-25 17:02:49.993919: val_loss -0.9062
2026-03-25 17:02:50.001121: Pseudo dice [np.float32(0.9247)]
2026-03-25 17:02:50.003635: Epoch time: 61.25 s
2026-03-25 17:02:50.938062: 
2026-03-25 17:02:50.940851: Epoch 31
2026-03-25 17:02:50.943556: Current learning rate: 0.00716
2026-03-25 17:03:52.219813: train_loss -0.9251
2026-03-25 17:03:52.224711: val_loss -0.9177
2026-03-25 17:03:52.228130: Pseudo dice [np.float32(0.9338)]
2026-03-25 17:03:52.231024: Epoch time: 61.28 s
2026-03-25 17:03:52.233821: Yayy! New best EMA pseudo Dice: 0.9291999936103821
2026-03-25 17:03:53.738922: 
2026-03-25 17:03:53.743920: Epoch 32
2026-03-25 17:03:53.746759: Current learning rate: 0.00707
2026-03-25 17:04:54.996194: train_loss -0.9274
2026-03-25 17:04:55.002924: val_loss -0.9162
2026-03-25 17:04:55.005811: Pseudo dice [np.float32(0.933)]
2026-03-25 17:04:55.008460: Epoch time: 61.26 s
2026-03-25 17:04:55.011029: Yayy! New best EMA pseudo Dice: 0.9296000003814697
2026-03-25 17:04:56.482710: 
2026-03-25 17:04:56.487807: Epoch 33
2026-03-25 17:04:56.491165: Current learning rate: 0.00697
2026-03-25 17:05:57.676584: train_loss -0.9325
2026-03-25 17:05:57.680819: val_loss -0.9217
2026-03-25 17:05:57.683168: Pseudo dice [np.float32(0.937)]
2026-03-25 17:05:57.685695: Epoch time: 61.19 s
2026-03-25 17:05:57.688097: Yayy! New best EMA pseudo Dice: 0.9302999973297119
2026-03-25 17:05:59.261002: 
2026-03-25 17:05:59.264430: Epoch 34
2026-03-25 17:05:59.267462: Current learning rate: 0.00688
2026-03-25 17:07:00.521306: train_loss -0.9335
2026-03-25 17:07:00.524557: val_loss -0.9195
2026-03-25 17:07:00.528240: Pseudo dice [np.float32(0.9352)]
2026-03-25 17:07:00.530801: Epoch time: 61.26 s
2026-03-25 17:07:00.533495: Yayy! New best EMA pseudo Dice: 0.9308000206947327
2026-03-25 17:07:02.013476: 
2026-03-25 17:07:02.017801: Epoch 35
2026-03-25 17:07:02.020623: Current learning rate: 0.00679
2026-03-25 17:08:03.208881: train_loss -0.9354
2026-03-25 17:08:03.212753: val_loss -0.9171
2026-03-25 17:08:03.215548: Pseudo dice [np.float32(0.9333)]
2026-03-25 17:08:03.218745: Epoch time: 61.2 s
2026-03-25 17:08:03.222006: Yayy! New best EMA pseudo Dice: 0.9309999942779541
2026-03-25 17:08:04.777327: 
2026-03-25 17:08:04.781007: Epoch 36
2026-03-25 17:08:04.784119: Current learning rate: 0.00669
2026-03-25 17:09:06.050066: train_loss -0.9336
2026-03-25 17:09:06.055525: val_loss -0.918
2026-03-25 17:09:06.058535: Pseudo dice [np.float32(0.9335)]
2026-03-25 17:09:06.061792: Epoch time: 61.27 s
2026-03-25 17:09:06.064354: Yayy! New best EMA pseudo Dice: 0.9312999844551086
2026-03-25 17:09:07.534239: 
2026-03-25 17:09:07.539007: Epoch 37
2026-03-25 17:09:07.541844: Current learning rate: 0.0066
2026-03-25 17:10:08.827347: train_loss -0.9357
2026-03-25 17:10:08.830563: val_loss -0.9175
2026-03-25 17:10:08.833385: Pseudo dice [np.float32(0.9336)]
2026-03-25 17:10:08.835629: Epoch time: 61.29 s
2026-03-25 17:10:08.838274: Yayy! New best EMA pseudo Dice: 0.9315000176429749
2026-03-25 17:10:10.188330: 
2026-03-25 17:10:10.193107: Epoch 38
2026-03-25 17:10:10.198258: Current learning rate: 0.0065
2026-03-25 17:11:11.546575: train_loss -0.9301
2026-03-25 17:11:11.551218: val_loss -0.9194
2026-03-25 17:11:11.553805: Pseudo dice [np.float32(0.9358)]
2026-03-25 17:11:11.556490: Epoch time: 61.36 s
2026-03-25 17:11:11.558636: Yayy! New best EMA pseudo Dice: 0.9319000244140625
2026-03-25 17:11:13.871327: 
2026-03-25 17:11:13.874631: Epoch 39
2026-03-25 17:11:13.878093: Current learning rate: 0.00641
2026-03-25 17:12:15.164191: train_loss -0.9395
2026-03-25 17:12:15.169103: val_loss -0.9225
2026-03-25 17:12:15.172050: Pseudo dice [np.float32(0.9374)]
2026-03-25 17:12:15.174308: Epoch time: 61.29 s
2026-03-25 17:12:15.177124: Yayy! New best EMA pseudo Dice: 0.9325000047683716
2026-03-25 17:12:16.634505: 
2026-03-25 17:12:16.638499: Epoch 40
2026-03-25 17:12:16.641687: Current learning rate: 0.00631
2026-03-25 17:13:17.905859: train_loss -0.9401
2026-03-25 17:13:17.909552: val_loss -0.9215
2026-03-25 17:13:17.912189: Pseudo dice [np.float32(0.9369)]
2026-03-25 17:13:17.915158: Epoch time: 61.27 s
2026-03-25 17:13:17.917526: Yayy! New best EMA pseudo Dice: 0.9329000115394592
2026-03-25 17:13:19.443763: 
2026-03-25 17:13:19.447806: Epoch 41
2026-03-25 17:13:19.450470: Current learning rate: 0.00622
2026-03-25 17:14:20.710384: train_loss -0.9425
2026-03-25 17:14:20.715126: val_loss -0.9199
2026-03-25 17:14:20.717210: Pseudo dice [np.float32(0.9353)]
2026-03-25 17:14:20.719268: Epoch time: 61.27 s
2026-03-25 17:14:20.721827: Yayy! New best EMA pseudo Dice: 0.9332000017166138
2026-03-25 17:14:22.304179: 
2026-03-25 17:14:22.308299: Epoch 42
2026-03-25 17:14:22.311282: Current learning rate: 0.00612
2026-03-25 17:15:23.567065: train_loss -0.9406
2026-03-25 17:15:23.619160: val_loss -0.9216
2026-03-25 17:15:23.622744: Pseudo dice [np.float32(0.9378)]
2026-03-25 17:15:23.626472: Epoch time: 61.26 s
2026-03-25 17:15:23.629424: Yayy! New best EMA pseudo Dice: 0.9336000084877014
2026-03-25 17:15:25.185382: 
2026-03-25 17:15:25.190123: Epoch 43
2026-03-25 17:15:25.192790: Current learning rate: 0.00603
2026-03-25 17:16:26.348104: train_loss -0.9451
2026-03-25 17:16:26.353141: val_loss -0.9215
2026-03-25 17:16:26.356097: Pseudo dice [np.float32(0.9367)]
2026-03-25 17:16:26.359008: Epoch time: 61.16 s
2026-03-25 17:16:26.361858: Yayy! New best EMA pseudo Dice: 0.933899998664856
2026-03-25 17:16:27.830087: 
2026-03-25 17:16:27.835192: Epoch 44
2026-03-25 17:16:27.838164: Current learning rate: 0.00593
2026-03-25 17:17:29.017837: train_loss -0.9464
2026-03-25 17:17:29.022031: val_loss -0.9202
2026-03-25 17:17:29.024897: Pseudo dice [np.float32(0.9356)]
2026-03-25 17:17:29.027364: Epoch time: 61.19 s
2026-03-25 17:17:29.030049: Yayy! New best EMA pseudo Dice: 0.9340999722480774
2026-03-25 17:17:30.729675: 
2026-03-25 17:17:30.733334: Epoch 45
2026-03-25 17:17:30.737279: Current learning rate: 0.00584
2026-03-25 17:18:31.951753: train_loss -0.9459
2026-03-25 17:18:31.956443: val_loss -0.9195
2026-03-25 17:18:31.959144: Pseudo dice [np.float32(0.9352)]
2026-03-25 17:18:31.962294: Epoch time: 61.22 s
2026-03-25 17:18:31.965030: Yayy! New best EMA pseudo Dice: 0.9341999888420105
2026-03-25 17:18:33.473820: 
2026-03-25 17:18:33.479076: Epoch 46
2026-03-25 17:18:33.482768: Current learning rate: 0.00574
2026-03-25 17:19:34.772196: train_loss -0.9455
2026-03-25 17:19:34.776114: val_loss -0.9217
2026-03-25 17:19:34.778695: Pseudo dice [np.float32(0.9365)]
2026-03-25 17:19:34.781967: Epoch time: 61.3 s
2026-03-25 17:19:34.785428: Yayy! New best EMA pseudo Dice: 0.9344000220298767
2026-03-25 17:19:36.243264: 
2026-03-25 17:19:36.248953: Epoch 47
2026-03-25 17:19:36.252125: Current learning rate: 0.00565
2026-03-25 17:20:37.527577: train_loss -0.9418
2026-03-25 17:20:37.532288: val_loss -0.9201
2026-03-25 17:20:37.534788: Pseudo dice [np.float32(0.9355)]
2026-03-25 17:20:37.537406: Epoch time: 61.29 s
2026-03-25 17:20:37.540051: Yayy! New best EMA pseudo Dice: 0.934499979019165
2026-03-25 17:20:39.285070: 
2026-03-25 17:20:39.288992: Epoch 48
2026-03-25 17:20:39.292133: Current learning rate: 0.00555
2026-03-25 17:21:40.533208: train_loss -0.9373
2026-03-25 17:21:40.537739: val_loss -0.9209
2026-03-25 17:21:40.540693: Pseudo dice [np.float32(0.9378)]
2026-03-25 17:21:40.543116: Epoch time: 61.25 s
2026-03-25 17:21:40.545962: Yayy! New best EMA pseudo Dice: 0.9348999857902527
2026-03-25 17:21:42.073374: 
2026-03-25 17:21:42.078013: Epoch 49
2026-03-25 17:21:42.081184: Current learning rate: 0.00546
2026-03-25 17:22:43.458597: train_loss -0.928
2026-03-25 17:22:43.463685: val_loss -0.9189
2026-03-25 17:22:43.466783: Pseudo dice [np.float32(0.9353)]
2026-03-25 17:22:43.469579: Epoch time: 61.39 s
2026-03-25 17:22:44.079937: Yayy! New best EMA pseudo Dice: 0.9348999857902527
2026-03-25 17:22:45.553473: 
2026-03-25 17:22:45.556815: Epoch 50
2026-03-25 17:22:45.559755: Current learning rate: 0.00536
2026-03-25 17:23:46.912383: train_loss -0.9406
2026-03-25 17:23:46.917172: val_loss -0.9217
2026-03-25 17:23:46.919813: Pseudo dice [np.float32(0.937)]
2026-03-25 17:23:46.922545: Epoch time: 61.36 s
2026-03-25 17:23:46.925781: Yayy! New best EMA pseudo Dice: 0.9351000189781189
2026-03-25 17:23:48.449785: 
2026-03-25 17:23:48.453929: Epoch 51
2026-03-25 17:23:48.457492: Current learning rate: 0.00526
2026-03-25 17:24:49.873363: train_loss -0.9448
2026-03-25 17:24:49.877795: val_loss -0.9228
2026-03-25 17:24:49.881132: Pseudo dice [np.float32(0.9382)]
2026-03-25 17:24:49.883723: Epoch time: 61.42 s
2026-03-25 17:24:49.886139: Yayy! New best EMA pseudo Dice: 0.9354000091552734
2026-03-25 17:24:51.285555: 
2026-03-25 17:24:51.289501: Epoch 52
2026-03-25 17:24:51.292345: Current learning rate: 0.00517
2026-03-25 17:25:52.647871: train_loss -0.9415
2026-03-25 17:25:52.652464: val_loss -0.9149
2026-03-25 17:25:52.655618: Pseudo dice [np.float32(0.9317)]
2026-03-25 17:25:52.658349: Epoch time: 61.36 s
2026-03-25 17:25:53.535677: 
2026-03-25 17:25:53.539613: Epoch 53
2026-03-25 17:25:53.542406: Current learning rate: 0.00507
2026-03-25 17:26:54.944054: train_loss -0.9342
2026-03-25 17:26:54.948750: val_loss -0.9206
2026-03-25 17:26:54.952016: Pseudo dice [np.float32(0.9358)]
2026-03-25 17:26:54.955165: Epoch time: 61.41 s
2026-03-25 17:26:55.832183: 
2026-03-25 17:26:55.835747: Epoch 54
2026-03-25 17:26:55.838779: Current learning rate: 0.00497
2026-03-25 17:27:57.278496: train_loss -0.9433
2026-03-25 17:27:57.282753: val_loss -0.9196
2026-03-25 17:27:57.285384: Pseudo dice [np.float32(0.9346)]
2026-03-25 17:27:57.287908: Epoch time: 61.45 s
2026-03-25 17:27:58.160960: 
2026-03-25 17:27:58.163284: Epoch 55
2026-03-25 17:27:58.166293: Current learning rate: 0.00487
2026-03-25 17:28:59.609815: train_loss -0.9414
2026-03-25 17:28:59.614580: val_loss -0.9225
2026-03-25 17:28:59.618513: Pseudo dice [np.float32(0.9373)]
2026-03-25 17:28:59.622040: Epoch time: 61.45 s
2026-03-25 17:29:00.523335: 
2026-03-25 17:29:00.526597: Epoch 56
2026-03-25 17:29:00.530016: Current learning rate: 0.00478
2026-03-25 17:30:01.882365: train_loss -0.9437
2026-03-25 17:30:01.886362: val_loss -0.9181
2026-03-25 17:30:01.888682: Pseudo dice [np.float32(0.9336)]
2026-03-25 17:30:01.891763: Epoch time: 61.36 s
2026-03-25 17:30:02.870379: 
2026-03-25 17:30:02.872850: Epoch 57
2026-03-25 17:30:02.875677: Current learning rate: 0.00468
2026-03-25 17:31:04.249511: train_loss -0.9452
2026-03-25 17:31:04.253611: val_loss -0.924
2026-03-25 17:31:04.257120: Pseudo dice [np.float32(0.9386)]
2026-03-25 17:31:04.259637: Epoch time: 61.38 s
2026-03-25 17:31:04.262164: Yayy! New best EMA pseudo Dice: 0.9355000257492065
2026-03-25 17:31:05.712675: 
2026-03-25 17:31:05.717513: Epoch 58
2026-03-25 17:31:05.721162: Current learning rate: 0.00458
2026-03-25 17:32:07.169245: train_loss -0.9472
2026-03-25 17:32:07.173332: val_loss -0.9217
2026-03-25 17:32:07.176094: Pseudo dice [np.float32(0.9364)]
2026-03-25 17:32:07.178437: Epoch time: 61.46 s
2026-03-25 17:32:07.181101: Yayy! New best EMA pseudo Dice: 0.9355999827384949
2026-03-25 17:32:09.418374: 
2026-03-25 17:32:09.421339: Epoch 59
2026-03-25 17:32:09.424417: Current learning rate: 0.00448
2026-03-25 17:33:10.776566: train_loss -0.9465
2026-03-25 17:33:10.782581: val_loss -0.9199
2026-03-25 17:33:10.785699: Pseudo dice [np.float32(0.9358)]
2026-03-25 17:33:10.788805: Epoch time: 61.36 s
2026-03-25 17:33:10.791746: Yayy! New best EMA pseudo Dice: 0.9355999827384949
2026-03-25 17:33:12.282891: 
2026-03-25 17:33:12.287347: Epoch 60
2026-03-25 17:33:12.290148: Current learning rate: 0.00438
2026-03-25 17:34:13.629814: train_loss -0.9435
2026-03-25 17:34:13.634605: val_loss -0.9221
2026-03-25 17:34:13.637470: Pseudo dice [np.float32(0.9365)]
2026-03-25 17:34:13.640886: Epoch time: 61.35 s
2026-03-25 17:34:13.643650: Yayy! New best EMA pseudo Dice: 0.935699999332428
2026-03-25 17:34:15.040497: 
2026-03-25 17:34:15.044816: Epoch 61
2026-03-25 17:34:15.047822: Current learning rate: 0.00429
2026-03-25 17:35:16.364039: train_loss -0.9483
2026-03-25 17:35:16.368858: val_loss -0.9221
2026-03-25 17:35:16.371767: Pseudo dice [np.float32(0.9368)]
2026-03-25 17:35:16.374525: Epoch time: 61.32 s
2026-03-25 17:35:16.377193: Yayy! New best EMA pseudo Dice: 0.9358000159263611
2026-03-25 17:35:18.031169: 
2026-03-25 17:35:18.034442: Epoch 62
2026-03-25 17:35:18.036898: Current learning rate: 0.00419
2026-03-25 17:36:19.377237: train_loss -0.9492
2026-03-25 17:36:19.381693: val_loss -0.9219
2026-03-25 17:36:19.384368: Pseudo dice [np.float32(0.9366)]
2026-03-25 17:36:19.387409: Epoch time: 61.35 s
2026-03-25 17:36:19.390403: Yayy! New best EMA pseudo Dice: 0.9358999729156494
2026-03-25 17:36:20.824661: 
2026-03-25 17:36:20.829640: Epoch 63
2026-03-25 17:36:20.832695: Current learning rate: 0.00409
2026-03-25 17:37:22.175141: train_loss -0.9521
2026-03-25 17:37:22.179610: val_loss -0.9211
2026-03-25 17:37:22.182165: Pseudo dice [np.float32(0.9361)]
2026-03-25 17:37:22.184933: Epoch time: 61.35 s
2026-03-25 17:37:22.187969: Yayy! New best EMA pseudo Dice: 0.9358999729156494
2026-03-25 17:37:23.667028: 
2026-03-25 17:37:23.671700: Epoch 64
2026-03-25 17:37:23.674335: Current learning rate: 0.00399
2026-03-25 17:38:24.984303: train_loss -0.9532
2026-03-25 17:38:24.988141: val_loss -0.921
2026-03-25 17:38:24.990862: Pseudo dice [np.float32(0.9364)]
2026-03-25 17:38:24.993692: Epoch time: 61.32 s
2026-03-25 17:38:25.001165: Yayy! New best EMA pseudo Dice: 0.9359999895095825
2026-03-25 17:38:26.450404: 
2026-03-25 17:38:26.455609: Epoch 65
2026-03-25 17:38:26.458473: Current learning rate: 0.00389
2026-03-25 17:39:27.872433: train_loss -0.9527
2026-03-25 17:39:27.877517: val_loss -0.9217
2026-03-25 17:39:27.880800: Pseudo dice [np.float32(0.9363)]
2026-03-25 17:39:27.883167: Epoch time: 61.42 s
2026-03-25 17:39:27.886378: Yayy! New best EMA pseudo Dice: 0.9359999895095825
2026-03-25 17:39:29.311343: 
2026-03-25 17:39:29.315365: Epoch 66
2026-03-25 17:39:29.318023: Current learning rate: 0.00379
2026-03-25 17:40:30.757653: train_loss -0.9522
2026-03-25 17:40:30.761760: val_loss -0.9222
2026-03-25 17:40:30.764250: Pseudo dice [np.float32(0.9371)]
2026-03-25 17:40:30.766768: Epoch time: 61.45 s
2026-03-25 17:40:30.769416: Yayy! New best EMA pseudo Dice: 0.9361000061035156
2026-03-25 17:40:32.358488: 
2026-03-25 17:40:32.363700: Epoch 67
2026-03-25 17:40:32.366872: Current learning rate: 0.00369
2026-03-25 17:41:33.804970: train_loss -0.9541
2026-03-25 17:41:33.809350: val_loss -0.9209
2026-03-25 17:41:33.811938: Pseudo dice [np.float32(0.9361)]
2026-03-25 17:41:33.814331: Epoch time: 61.45 s
2026-03-25 17:41:34.707999: 
2026-03-25 17:41:34.711662: Epoch 68
2026-03-25 17:41:34.714933: Current learning rate: 0.00359
2026-03-25 17:42:36.222471: train_loss -0.954
2026-03-25 17:42:36.227314: val_loss -0.921
2026-03-25 17:42:36.230273: Pseudo dice [np.float32(0.9362)]
2026-03-25 17:42:36.232521: Epoch time: 61.52 s
2026-03-25 17:42:36.235301: Yayy! New best EMA pseudo Dice: 0.9361000061035156
2026-03-25 17:42:37.710362: 
2026-03-25 17:42:37.715172: Epoch 69
2026-03-25 17:42:37.718167: Current learning rate: 0.00349
2026-03-25 17:43:39.148456: train_loss -0.9522
2026-03-25 17:43:39.152791: val_loss -0.9202
2026-03-25 17:43:39.155673: Pseudo dice [np.float32(0.9356)]
2026-03-25 17:43:39.157908: Epoch time: 61.44 s
2026-03-25 17:43:40.061493: 
2026-03-25 17:43:40.065396: Epoch 70
2026-03-25 17:43:40.068559: Current learning rate: 0.00338
2026-03-25 17:44:41.600503: train_loss -0.9541
2026-03-25 17:44:41.604865: val_loss -0.9212
2026-03-25 17:44:41.607249: Pseudo dice [np.float32(0.9365)]
2026-03-25 17:44:41.610662: Epoch time: 61.54 s
2026-03-25 17:44:42.505822: 
2026-03-25 17:44:42.508696: Epoch 71
2026-03-25 17:44:42.512185: Current learning rate: 0.00328
2026-03-25 17:45:44.008609: train_loss -0.9552
2026-03-25 17:45:44.012749: val_loss -0.9198
2026-03-25 17:45:44.015865: Pseudo dice [np.float32(0.9355)]
2026-03-25 17:45:44.018072: Epoch time: 61.5 s
2026-03-25 17:45:44.926648: 
2026-03-25 17:45:44.928848: Epoch 72
2026-03-25 17:45:44.931081: Current learning rate: 0.00318
2026-03-25 17:46:46.365014: train_loss -0.9526
2026-03-25 17:46:46.369552: val_loss -0.9193
2026-03-25 17:46:46.372572: Pseudo dice [np.float32(0.9348)]
2026-03-25 17:46:46.375953: Epoch time: 61.44 s
2026-03-25 17:46:47.269135: 
2026-03-25 17:46:47.272603: Epoch 73
2026-03-25 17:46:47.276249: Current learning rate: 0.00308
2026-03-25 17:47:48.712609: train_loss -0.9551
2026-03-25 17:47:48.717374: val_loss -0.92
2026-03-25 17:47:48.719995: Pseudo dice [np.float32(0.936)]
2026-03-25 17:47:48.722697: Epoch time: 61.44 s
2026-03-25 17:47:49.625912: 
2026-03-25 17:47:49.629001: Epoch 74
2026-03-25 17:47:49.632352: Current learning rate: 0.00297
2026-03-25 17:48:51.076003: train_loss -0.954
2026-03-25 17:48:51.079931: val_loss -0.9202
2026-03-25 17:48:51.082596: Pseudo dice [np.float32(0.9363)]
2026-03-25 17:48:51.085343: Epoch time: 61.45 s
2026-03-25 17:48:51.978671: 
2026-03-25 17:48:51.981948: Epoch 75
2026-03-25 17:48:51.985205: Current learning rate: 0.00287
2026-03-25 17:49:53.468700: train_loss -0.9548
2026-03-25 17:49:53.473521: val_loss -0.9202
2026-03-25 17:49:53.476492: Pseudo dice [np.float32(0.9359)]
2026-03-25 17:49:53.479888: Epoch time: 61.49 s
2026-03-25 17:49:54.379029: 
2026-03-25 17:49:54.382530: Epoch 76
2026-03-25 17:49:54.385937: Current learning rate: 0.00277
2026-03-25 17:50:55.705746: train_loss -0.9564
2026-03-25 17:50:55.709810: val_loss -0.9195
2026-03-25 17:50:55.712028: Pseudo dice [np.float32(0.9355)]
2026-03-25 17:50:55.714820: Epoch time: 61.33 s
2026-03-25 17:50:56.635950: 
2026-03-25 17:50:56.639230: Epoch 77
2026-03-25 17:50:56.642277: Current learning rate: 0.00266
2026-03-25 17:51:57.926206: train_loss -0.9525
2026-03-25 17:51:57.930603: val_loss -0.9207
2026-03-25 17:51:57.933542: Pseudo dice [np.float32(0.9362)]
2026-03-25 17:51:57.936401: Epoch time: 61.29 s
2026-03-25 17:51:59.520883: 
2026-03-25 17:51:59.524930: Epoch 78
2026-03-25 17:51:59.527805: Current learning rate: 0.00256
2026-03-25 17:53:00.903143: train_loss -0.9569
2026-03-25 17:53:00.908679: val_loss -0.9193
2026-03-25 17:53:00.911773: Pseudo dice [np.float32(0.9355)]
2026-03-25 17:53:00.914763: Epoch time: 61.38 s
2026-03-25 17:53:01.824299: 
2026-03-25 17:53:01.828266: Epoch 79
2026-03-25 17:53:01.832073: Current learning rate: 0.00245
2026-03-25 17:54:03.204300: train_loss -0.9579
2026-03-25 17:54:03.208612: val_loss -0.9174
2026-03-25 17:54:03.211773: Pseudo dice [np.float32(0.9337)]
2026-03-25 17:54:03.214353: Epoch time: 61.38 s
2026-03-25 17:54:04.134370: 
2026-03-25 17:54:04.137916: Epoch 80
2026-03-25 17:54:04.140388: Current learning rate: 0.00235
2026-03-25 17:55:05.608762: train_loss -0.9512
2026-03-25 17:55:05.613297: val_loss -0.9217
2026-03-25 17:55:05.615961: Pseudo dice [np.float32(0.9366)]
2026-03-25 17:55:05.618379: Epoch time: 61.48 s
2026-03-25 17:55:06.531775: 
2026-03-25 17:55:06.534508: Epoch 81
2026-03-25 17:55:06.537738: Current learning rate: 0.00224
2026-03-25 17:56:07.993824: train_loss -0.9532
2026-03-25 17:56:08.002281: val_loss -0.9211
2026-03-25 17:56:08.005404: Pseudo dice [np.float32(0.9368)]
2026-03-25 17:56:08.008347: Epoch time: 61.46 s
2026-03-25 17:56:08.912663: 
2026-03-25 17:56:08.915550: Epoch 82
2026-03-25 17:56:08.918149: Current learning rate: 0.00214
2026-03-25 17:57:10.313275: train_loss -0.958
2026-03-25 17:57:10.318943: val_loss -0.9178
2026-03-25 17:57:10.322034: Pseudo dice [np.float32(0.9343)]
2026-03-25 17:57:10.324887: Epoch time: 61.4 s
2026-03-25 17:57:11.243569: 
2026-03-25 17:57:11.246972: Epoch 83
2026-03-25 17:57:11.250471: Current learning rate: 0.00203
2026-03-25 17:58:12.621533: train_loss -0.9537
2026-03-25 17:58:12.625914: val_loss -0.9192
2026-03-25 17:58:12.628444: Pseudo dice [np.float32(0.9354)]
2026-03-25 17:58:12.631010: Epoch time: 61.38 s
2026-03-25 17:58:13.509624: 
2026-03-25 17:58:13.513642: Epoch 84
2026-03-25 17:58:13.516649: Current learning rate: 0.00192
2026-03-25 17:59:14.919593: train_loss -0.9578
2026-03-25 17:59:14.924637: val_loss -0.9204
2026-03-25 17:59:14.927432: Pseudo dice [np.float32(0.936)]
2026-03-25 17:59:14.930001: Epoch time: 61.41 s
2026-03-25 17:59:15.806582: 
2026-03-25 17:59:15.809191: Epoch 85
2026-03-25 17:59:15.811861: Current learning rate: 0.00181
2026-03-25 18:00:17.323364: train_loss -0.9566
2026-03-25 18:00:17.327949: val_loss -0.9166
2026-03-25 18:00:17.330739: Pseudo dice [np.float32(0.9332)]
2026-03-25 18:00:17.333088: Epoch time: 61.52 s
2026-03-25 18:00:18.210744: 
2026-03-25 18:00:18.213574: Epoch 86
2026-03-25 18:00:18.216098: Current learning rate: 0.0017
2026-03-25 18:01:19.700826: train_loss -0.9562
2026-03-25 18:01:19.705024: val_loss -0.9228
2026-03-25 18:01:19.708303: Pseudo dice [np.float32(0.938)]
2026-03-25 18:01:19.710980: Epoch time: 61.49 s
2026-03-25 18:01:20.570427: 
2026-03-25 18:01:20.574208: Epoch 87
2026-03-25 18:01:20.578335: Current learning rate: 0.00159
2026-03-25 18:02:21.920411: train_loss -0.9577
2026-03-25 18:02:21.925097: val_loss -0.9217
2026-03-25 18:02:21.928112: Pseudo dice [np.float32(0.9371)]
2026-03-25 18:02:21.931022: Epoch time: 61.35 s
2026-03-25 18:02:22.813773: 
2026-03-25 18:02:22.817226: Epoch 88
2026-03-25 18:02:22.820486: Current learning rate: 0.00148
2026-03-25 18:03:24.058412: train_loss -0.9599
2026-03-25 18:03:24.063454: val_loss -0.9212
2026-03-25 18:03:24.066326: Pseudo dice [np.float32(0.937)]
2026-03-25 18:03:24.068891: Epoch time: 61.25 s
2026-03-25 18:03:24.952499: 
2026-03-25 18:03:24.956541: Epoch 89
2026-03-25 18:03:24.959633: Current learning rate: 0.00137
2026-03-25 18:04:26.287136: train_loss -0.9577
2026-03-25 18:04:26.290673: val_loss -0.9177
2026-03-25 18:04:26.293312: Pseudo dice [np.float32(0.9339)]
2026-03-25 18:04:26.295925: Epoch time: 61.34 s
2026-03-25 18:04:27.180161: 
2026-03-25 18:04:27.183537: Epoch 90
2026-03-25 18:04:27.186098: Current learning rate: 0.00126
2026-03-25 18:05:28.458768: train_loss -0.9561
2026-03-25 18:05:28.463360: val_loss -0.9181
2026-03-25 18:05:28.466107: Pseudo dice [np.float32(0.9345)]
2026-03-25 18:05:28.469425: Epoch time: 61.28 s
2026-03-25 18:05:29.333283: 
2026-03-25 18:05:29.336390: Epoch 91
2026-03-25 18:05:29.339441: Current learning rate: 0.00115
2026-03-25 18:06:30.680629: train_loss -0.9581
2026-03-25 18:06:30.685157: val_loss -0.9211
2026-03-25 18:06:30.688672: Pseudo dice [np.float32(0.9369)]
2026-03-25 18:06:30.693208: Epoch time: 61.35 s
2026-03-25 18:06:31.575011: 
2026-03-25 18:06:31.577506: Epoch 92
2026-03-25 18:06:31.579876: Current learning rate: 0.00103
2026-03-25 18:07:33.048306: train_loss -0.9584
2026-03-25 18:07:33.052548: val_loss -0.9194
2026-03-25 18:07:33.054935: Pseudo dice [np.float32(0.9351)]
2026-03-25 18:07:33.057849: Epoch time: 61.47 s
2026-03-25 18:07:33.918410: 
2026-03-25 18:07:33.921479: Epoch 93
2026-03-25 18:07:33.924722: Current learning rate: 0.00091
2026-03-25 18:08:35.303747: train_loss -0.9586
2026-03-25 18:08:35.309577: val_loss -0.9209
2026-03-25 18:08:35.312768: Pseudo dice [np.float32(0.9367)]
2026-03-25 18:08:35.315646: Epoch time: 61.39 s
2026-03-25 18:08:36.184834: 
2026-03-25 18:08:36.188305: Epoch 94
2026-03-25 18:08:36.191160: Current learning rate: 0.00079
2026-03-25 18:09:37.552367: train_loss -0.9601
2026-03-25 18:09:37.556854: val_loss -0.9207
2026-03-25 18:09:37.559923: Pseudo dice [np.float32(0.9364)]
2026-03-25 18:09:37.562420: Epoch time: 61.37 s
2026-03-25 18:09:38.519391: 
2026-03-25 18:09:38.522074: Epoch 95
2026-03-25 18:09:38.525397: Current learning rate: 0.00067
2026-03-25 18:10:39.945775: train_loss -0.9599
2026-03-25 18:10:39.951121: val_loss -0.9195
2026-03-25 18:10:39.953806: Pseudo dice [np.float32(0.9353)]
2026-03-25 18:10:39.957200: Epoch time: 61.43 s
2026-03-25 18:10:40.826997: 
2026-03-25 18:10:40.830218: Epoch 96
2026-03-25 18:10:40.833537: Current learning rate: 0.00055
2026-03-25 18:11:42.306864: train_loss -0.9594
2026-03-25 18:11:42.311238: val_loss -0.9218
2026-03-25 18:11:42.314219: Pseudo dice [np.float32(0.9372)]
2026-03-25 18:11:42.316916: Epoch time: 61.48 s
2026-03-25 18:11:43.203249: 
2026-03-25 18:11:43.206449: Epoch 97
2026-03-25 18:11:43.209432: Current learning rate: 0.00043
2026-03-25 18:12:45.164607: train_loss -0.9589
2026-03-25 18:12:45.168297: val_loss -0.921
2026-03-25 18:12:45.171250: Pseudo dice [np.float32(0.9369)]
2026-03-25 18:12:45.173447: Epoch time: 61.96 s
2026-03-25 18:12:46.052175: 
2026-03-25 18:12:46.055314: Epoch 98
2026-03-25 18:12:46.057848: Current learning rate: 0.0003
2026-03-25 18:13:47.356793: train_loss -0.9594
2026-03-25 18:13:47.361911: val_loss -0.9204
2026-03-25 18:13:47.364595: Pseudo dice [np.float32(0.9363)]
2026-03-25 18:13:47.367160: Epoch time: 61.31 s
2026-03-25 18:13:48.240550: 
2026-03-25 18:13:48.243423: Epoch 99
2026-03-25 18:13:48.246448: Current learning rate: 0.00016
2026-03-25 18:14:49.639578: train_loss -0.9605
2026-03-25 18:14:49.644549: val_loss -0.9197
2026-03-25 18:14:49.646884: Pseudo dice [np.float32(0.9359)]
2026-03-25 18:14:49.649707: Epoch time: 61.4 s
2026-03-25 18:14:51.469861: Training done.
2026-03-25 18:14:51.504500: Using splits from existing split file: /workspace/nnUNet_preprocessed/Dataset002_Heart/splits_final.json
2026-03-25 18:14:51.509436: The split file contains 5 splits.
2026-03-25 18:14:51.511664: Desired fold for training: 0
2026-03-25 18:14:51.513816: This split has 16 training and 4 validation cases.
2026-03-25 18:14:51.516353: predicting la_007
2026-03-25 18:14:51.689059: la_007, shape torch.Size([1, 130, 320, 244]), rank 0
2026-03-25 18:15:19.323721: predicting la_016
2026-03-25 18:15:19.372713: la_016, shape torch.Size([1, 90, 316, 196]), rank 0
2026-03-25 18:15:22.632447: predicting la_021
2026-03-25 18:15:22.694941: la_021, shape torch.Size([1, 100, 320, 228]), rank 0
2026-03-25 18:15:25.957828: predicting la_024
2026-03-25 18:15:26.027093: la_024, shape torch.Size([1, 120, 320, 232]), rank 0
2026-03-25 18:15:34.774883: Validation complete
2026-03-25 18:15:34.777505: Mean Validation Dice:  0.9356743218064076
